This is pdfTeX, Version 3.14159265-2.6-1.40.18 (TeX Live 2017/Debian) (preloaded format=pdflatex 2018.10.12)  16 JUN 2022 12:41
entering extended mode
 restricted \write18 enabled.
 %&-line parsing enabled.
**220615_SI.tex
(./220615_SI.tex
LaTeX2e <2017-04-15>
Babel <3.18> and hyphenation patterns for 7 language(s) loaded.
(/usr/local/share/texmf/tex/latex/revtex/revtex4-1.cls
Document Class: revtex4-1 2010/07/25/20:33:00 4.1r (http://publish.aps.org/revt
ex4/ for documentation)
 Copyright (c) 2009 The American Physical Society.
 mailto:revtex@aps.org
 Licensed under the LPPL:
http://www.ctan.org/tex-archive/macros/latex/base/lppl.txt
 Arthur Ogawa <arthur_ogawa at sbcglobal dot net>
 Based on work by David Carlisle <david at dcarlisle.demon.co.uk>.
ltxutil[2010/07/25/20:33:00 4.1r utilities package (portions licensed from W. E
. Baxter web at superscript.com)]
LaTeX Info: Redefining \@centercr on input line 308.
Class revtex4-1 Info: Repairing broken LaTeX eqnarray on input line 358.
\eqncolsep=\skip41
Class revtex4-1 Info: Repairing hyperref-unfriendly LaTeX definition of \mpfoot
note on input line 433.
Class revtex4-1 Info: Repairing broken LateX \@sect on input line 755.
\intertabularlinepenalty=\count79
\@tbpen=\count80
\@arstrutbox@hline=\box26
Class revtex4-1 Info: Repairing broken LaTeX \@xbitor on input line 1786.
Class revtex4-1 Info: Making \typeout \long on input line 2046.
ltxfront[2010/07/25/20:33:00 4.1r frontmatter package (AO,DPC)]
\c@affil=\count81
\c@collab=\count82
\absbox=\box27
ltxgrid[2010/07/25/20:33:00 4.1r page grid package (portions licensed from W. E
. Baxter web at superscript.com)]
\c@linecount=\count83
\output@latex=\toks14
\box@size@1=\box28
\box@size@2=\box29
\@protection@box=\box30
\@topmark@saved=\toks15
\footins@saved=\box31
\footins@recovered=\box32
\column@recovered=\box33
\pagesofar=\box34
\footsofar=\box35
\pagegrid@col=\count84
Class revtex4-1 Info: Overriding \@vspace, \@vspacer, \@no@pgbk, \@newline, and
 \\  on input line 5578.
\c@part=\count85
\c@section=\count86
\c@subsection=\count87
\c@subsubsection=\count88
\c@paragraph=\count89
\c@subparagraph=\count90
\abovecaptionskip=\skip42
\belowcaptionskip=\skip43
\c@figure=\count91
\fbox@1=\box36
\c@table=\count92
\fbox@2=\box37
\c@video=\count93
\fbox@4=\box38
\@bibdataout=\write3
\widetext@top=\box39
\widetext@bot=\box40
Class revtex4-1 Info: Selecting society aip on input line 7542.
(/usr/local/share/texmf/tex/latex/revtex/aip4-1.rtx
File: aip4-1.rtx 2010/07/25 4.1r AIP substyle for REVTeX
Class revtex4-1 Info: RevTeX society AIP selected on input line 67.
)
Class revtex4-1 Info: Selecting journal jcp on input line 7544.

Using journal substyle jcp.
Class revtex4-1 Info: Reading file aps12pt4-1.rtx on input line 7547.
(/usr/local/share/texmf/tex/latex/revtex/aps12pt4-1.rtx
File: aps12pt4-1 2010/07/25/20:33:00 4.1r (http://publish.aps.org/revtex4/ for 
documentation)
Class revtex4-1 Info: RevTeX pointsize 12pt selected on input line 30.
)
Class revtex4-1 Info: Overriding 12pt on input line 7547.

(/usr/share/texlive/texmf-dist/tex/latex/textcase/textcase.sty
Package: textcase 2004/10/07 v0.07 Text only upper/lower case changing (DPC)
)
(/usr/share/texlive/texmf-dist/tex/latex/amsfonts/amssymb.sty
Package: amssymb 2013/01/14 v3.01 AMS font symbols

(/usr/share/texlive/texmf-dist/tex/latex/amsfonts/amsfonts.sty
Package: amsfonts 2013/01/14 v3.01 Basic AMSFonts support
\@emptytoks=\toks16
\symAMSa=\mathgroup4
\symAMSb=\mathgroup5
LaTeX Font Info:    Overwriting math alphabet `\mathfrak' in version `bold'
(Font)                  U/euf/m/n --> U/euf/b/n on input line 106.
))
(/usr/share/texlive/texmf-dist/tex/latex/amsmath/amsmath.sty
Package: amsmath 2017/09/02 v2.17a AMS math features
\@mathmargin=\skip44

For additional information on amsmath, use the `?' option.
(/usr/share/texlive/texmf-dist/tex/latex/amsmath/amstext.sty
Package: amstext 2000/06/29 v2.01 AMS text

(/usr/share/texlive/texmf-dist/tex/latex/amsmath/amsgen.sty
File: amsgen.sty 1999/11/30 v2.0 generic functions
\@emptytoks=\toks17
\ex@=\dimen102
)
LaTeX Info: Redefining \text on input line 28.
)
(/usr/share/texlive/texmf-dist/tex/latex/amsmath/amsbsy.sty
Package: amsbsy 1999/11/29 v1.2d Bold Symbols
\pmbraise@=\dimen103
)
(/usr/share/texlive/texmf-dist/tex/latex/amsmath/amsopn.sty
Package: amsopn 2016/03/08 v2.02 operator names
)
\inf@bad=\count94
LaTeX Info: Redefining \frac on input line 213.
\uproot@=\count95
\leftroot@=\count96
LaTeX Info: Redefining \overline on input line 375.
\classnum@=\count97
\DOTSCASE@=\count98
LaTeX Info: Redefining \ldots on input line 472.
LaTeX Info: Redefining \dots on input line 475.
LaTeX Info: Redefining \cdots on input line 596.
\Mathstrutbox@=\box41
\strutbox@=\box42
\big@size=\dimen104
LaTeX Font Info:    Redeclaring font encoding OML on input line 712.
LaTeX Font Info:    Redeclaring font encoding OMS on input line 713.
\macc@depth=\count99
\c@MaxMatrixCols=\count100
\dotsspace@=\muskip10
\c@parentequation=\count101
\dspbrk@lvl=\count102
\tag@help=\toks18
\row@=\count103
\column@=\count104
\maxfields@=\count105
\andhelp@=\toks19
\eqnshift@=\dimen105
\alignsep@=\dimen106
\tagshift@=\dimen107
\tagwidth@=\dimen108
\totwidth@=\dimen109
\lineht@=\dimen110
\@envbody=\toks20
\multlinegap=\skip45
\multlinetaggap=\skip46
\mathdisplay@stack=\toks21
LaTeX Info: Redefining \[ on input line 2817.
LaTeX Info: Redefining \] on input line 2818.
)
(/usr/share/texlive/texmf-dist/tex/latex/url/url.sty
\Urlmuskip=\muskip11
Package: url 2013/09/16  ver 3.4  Verb mode for urls, etc.
)
(/usr/share/texlive/texmf-dist/tex/latex/natbib/natbib.sty
Package: natbib 2010/09/13 8.31b (PWD, AO)
\bibhang=\skip47
\bibsep=\skip48
LaTeX Info: Redefining \cite on input line 694.
\c@NAT@ctr=\count106
)
Class revtex4-1 Info: Repairing natbib's \BibitemShut on input line 7549.

(/usr/local/share/texmf/tex/latex/revtex/revsymb4-1.sty
Package: revsymb4-1 2010/07/25/20:33:00 4.1r (http://publish.aps.org/revtex4/ f
or documentation)
LaTeX Info: Redefining \frak on input line 95.
LaTeX Info: Redefining \Bbb on input line 111.
LaTeX Info: Redefining \REV@mathfrak on input line 119.
))
(/usr/share/texlive/texmf-dist/tex/latex/xcolor/xcolor.sty
Package: xcolor 2016/05/11 v2.12 LaTeX color extensions (UK)

(/usr/share/texlive/texmf-dist/tex/latex/graphics-cfg/color.cfg
File: color.cfg 2016/01/02 v1.6 sample color configuration
)
Package xcolor Info: Driver file: pdftex.def on input line 225.

(/usr/share/texlive/texmf-dist/tex/latex/graphics-def/pdftex.def
File: pdftex.def 2018/01/08 v1.0l Graphics/color driver for pdftex
)
(/usr/share/texlive/texmf-dist/tex/latex/colortbl/colortbl.sty
Package: colortbl 2012/02/13 v1.0a Color table columns (DPC)

(/usr/share/texlive/texmf-dist/tex/latex/tools/array.sty
Package: array 2016/10/06 v2.4d Tabular extension package (FMi)
\col@sep=\dimen111
\extrarowheight=\dimen112
\NC@list=\toks22
\extratabsurround=\skip49
\backup@length=\skip50
)
\everycr=\toks23
\minrowclearance=\skip51
)
\rownum=\count107
Package xcolor Info: Model `cmy' substituted by `cmy0' on input line 1348.
Package xcolor Info: Model `hsb' substituted by `rgb' on input line 1352.
Package xcolor Info: Model `RGB' extended on input line 1364.
Package xcolor Info: Model `HTML' substituted by `rgb' on input line 1366.
Package xcolor Info: Model `Hsb' substituted by `hsb' on input line 1367.
Package xcolor Info: Model `tHsb' substituted by `hsb' on input line 1368.
Package xcolor Info: Model `HSB' substituted by `hsb' on input line 1369.
Package xcolor Info: Model `Gray' substituted by `gray' on input line 1370.
Package xcolor Info: Model `wave' substituted by `hsb' on input line 1371.
)
(/usr/share/texlive/texmf-dist/tex/latex/graphics/graphicx.sty
Package: graphicx 2017/06/01 v1.1a Enhanced LaTeX Graphics (DPC,SPQR)

(/usr/share/texlive/texmf-dist/tex/latex/graphics/keyval.sty
Package: keyval 2014/10/28 v1.15 key=value parser (DPC)
\KV@toks@=\toks24
)
(/usr/share/texlive/texmf-dist/tex/latex/graphics/graphics.sty
Package: graphics 2017/06/25 v1.2c Standard LaTeX Graphics (DPC,SPQR)

(/usr/share/texlive/texmf-dist/tex/latex/graphics/trig.sty
Package: trig 2016/01/03 v1.10 sin cos tan (DPC)
)
(/usr/share/texlive/texmf-dist/tex/latex/graphics-cfg/graphics.cfg
File: graphics.cfg 2016/06/04 v1.11 sample graphics configuration
)
Package graphics Info: Driver file: pdftex.def on input line 99.
)
\Gin@req@height=\dimen113
\Gin@req@width=\dimen114
)
(/usr/share/texlive/texmf-dist/tex/latex/float/float.sty
Package: float 2001/11/08 v1.3d Float enhancements (AL)
\c@float@type=\count108
\float@exts=\toks25
\float@box=\box43
\@float@everytoks=\toks26
\@floatcapt=\box44
)
(/usr/share/texlive/texmf-dist/tex/latex/tools/longtable.sty
Package: longtable 2014/10/28 v4.11 Multi-page Table package (DPC)
\LTleft=\skip52
\LTright=\skip53
\LTpre=\skip54
\LTpost=\skip55
\LTchunksize=\count109
\LTcapwidth=\dimen115
\LT@head=\box45
\LT@firsthead=\box46
\LT@foot=\box47
\LT@lastfoot=\box48
\LT@cols=\count110
\LT@rows=\count111
\c@LT@tables=\count112
\c@LT@chunks=\count113
\LT@p@ftn=\toks27
)
(/usr/share/texlive/texmf-dist/tex/latex/tools/xr.sty
Package: xr 1994/05/28 v5.02 eXternal References (DPC)
)
(/usr/share/texlive/texmf-dist/tex/latex/silence/silence.sty
Package: silence 2012/07/02 v1.5b Selective filtering of warnings and error mes
sages
\sl@Save=\count114
\sl@StateNumber=\count115
\sl@MessageCount=\count116
\sl@Casualties=\count117
\sl@Filter=\toks28
\sl@Message=\toks29
\sl@UnexpandedMessage=\toks30
\sl@Mess@ge=\toks31
\sl@WarningCount=\count118
\sl@WarningNumber=\count119
\sl@WarningCasualties=\count120
\sl@TempBOW=\toks32
\sl@BankOfWarnings=\toks33
LaTeX Info: Redefining \GenericWarning on input line 433.
\sl@ErrorCount=\count121
\sl@ErrorNumber=\count122
\sl@ErrorCasualties=\count123
\sl@TempBOE=\toks34
\sl@BankOfErrors=\toks35
LaTeX Info: Redefining \GenericError on input line 601.
)

Package xr Warning: 
No file ./220804_NR.aux
LABELS NOT IMPORTED.
 on input line 12.

Class revtex4-1 Info: colortbl package is loaded. (Proceeding with fingers cros
sed.) on input line 19.
Class revtex4-1 Info: Patching longtable package on input line 19.
Class revtex4-1 Info: Robustifying \LaTeX's \boldmath command on input line 19.

Class revtex4-1 Info: cite was not loaded (OK!) on input line 19.
Class revtex4-1 Info: mcite was not loaded (OK!) on input line 19.
Class revtex4-1 Info: multicol was not loaded (OK!) on input line 19.
(./220615_SI.aux

LaTeX Warning: Label `eq:def_ec' multiply defined.

)
\openout1 = `220615_SI.aux'.

LaTeX Font Info:    Checking defaults for OML/cmm/m/it on input line 19.
LaTeX Font Info:    ... okay on input line 19.
LaTeX Font Info:    Checking defaults for T1/cmr/m/n on input line 19.
LaTeX Font Info:    ... okay on input line 19.
LaTeX Font Info:    Checking defaults for OT1/cmr/m/n on input line 19.
LaTeX Font Info:    ... okay on input line 19.
LaTeX Font Info:    Checking defaults for OMS/cmsy/m/n on input line 19.
LaTeX Font Info:    ... okay on input line 19.
LaTeX Font Info:    Checking defaults for OMX/cmex/m/n on input line 19.
LaTeX Font Info:    ... okay on input line 19.
LaTeX Font Info:    Checking defaults for U/cmr/m/n on input line 19.
LaTeX Font Info:    ... okay on input line 19.
 (/usr/share/texlive/texmf-dist/tex/context/base/mkii/supp-pdf.mkii
[Loading MPS to PDF converter (version 2006.09.02).]
\scratchcounter=\count124
\scratchdimen=\dimen116
\scratchbox=\box49
\nofMPsegments=\count125
\nofMParguments=\count126
\everyMPshowfont=\toks36
\MPscratchCnt=\count127
\MPscratchDim=\dimen117
\MPnumerator=\count128
\makeMPintoPDFobject=\count129
\everyMPtoPDFconversion=\toks37
) (/usr/share/texlive/texmf-dist/tex/latex/oberdiek/epstopdf-base.sty
Package: epstopdf-base 2016/05/15 v2.6 Base part for package epstopdf

(/usr/share/texlive/texmf-dist/tex/generic/oberdiek/infwarerr.sty
Package: infwarerr 2016/05/16 v1.4 Providing info/warning/error messages (HO)
)
(/usr/share/texlive/texmf-dist/tex/latex/oberdiek/grfext.sty
Package: grfext 2016/05/16 v1.2 Manage graphics extensions (HO)

(/usr/share/texlive/texmf-dist/tex/generic/oberdiek/kvdefinekeys.sty
Package: kvdefinekeys 2016/05/16 v1.4 Define keys (HO)

(/usr/share/texlive/texmf-dist/tex/generic/oberdiek/ltxcmds.sty
Package: ltxcmds 2016/05/16 v1.23 LaTeX kernel commands for general use (HO)
)))
(/usr/share/texlive/texmf-dist/tex/latex/oberdiek/kvoptions.sty
Package: kvoptions 2016/05/16 v3.12 Key value format for package options (HO)

(/usr/share/texlive/texmf-dist/tex/generic/oberdiek/kvsetkeys.sty
Package: kvsetkeys 2016/05/16 v1.17 Key value parser (HO)

(/usr/share/texlive/texmf-dist/tex/generic/oberdiek/etexcmds.sty
Package: etexcmds 2016/05/16 v1.6 Avoid name clashes with e-TeX commands (HO)

(/usr/share/texlive/texmf-dist/tex/generic/oberdiek/ifluatex.sty
Package: ifluatex 2016/05/16 v1.4 Provides the ifluatex switch (HO)
Package ifluatex Info: LuaTeX not detected.
)
Package etexcmds Info: Could not find \expanded.
(etexcmds)             That can mean that you are not using pdfTeX 1.50 or
(etexcmds)             that some package has redefined \expanded.
(etexcmds)             In the latter case, load this package earlier.
)))
(/usr/share/texlive/texmf-dist/tex/generic/oberdiek/pdftexcmds.sty
Package: pdftexcmds 2018/01/21 v0.26 Utility functions of pdfTeX for LuaTeX (HO
)

(/usr/share/texlive/texmf-dist/tex/generic/oberdiek/ifpdf.sty
Package: ifpdf 2017/03/15 v3.2 Provides the ifpdf switch
)
Package pdftexcmds Info: LuaTeX not detected.
Package pdftexcmds Info: \pdf@primitive is available.
Package pdftexcmds Info: \pdf@ifprimitive is available.
Package pdftexcmds Info: \pdfdraftmode found.
)
Package epstopdf-base Info: Redefining graphics rule for `.eps' on input line 4
38.
Package grfext Info: Graphics extension search list:
(grfext)             [.pdf,.png,.jpg,.mps,.jpeg,.jbig2,.jb2,.PDF,.PNG,.JPG,.JPE
G,.JBIG2,.JB2,.eps]
(grfext)             \AppendGraphicsExtensions on input line 456.

(/usr/share/texlive/texmf-dist/tex/latex/latexconfig/epstopdf-sys.cfg
File: epstopdf-sys.cfg 2010/07/13 v1.3 Configuration of (r)epstopdf for TeX Liv
e
))
\openout3 = `220615_SINotes.bib'.

LaTeX Font Info:    Try loading font information for U+msa on input line 33.

(/usr/share/texlive/texmf-dist/tex/latex/amsfonts/umsa.fd
File: umsa.fd 2013/01/14 v3.01 AMS symbols A
)
LaTeX Font Info:    Try loading font information for U+msb on input line 33.

(/usr/share/texlive/texmf-dist/tex/latex/amsfonts/umsb.fd
File: umsb.fd 2013/01/14 v3.01 AMS symbols B
) [1{/var/lib/texmf/fonts/map/pdftex/updmap/pdftex.map}]
Overfull \hbox (30.11191pt too wide) in paragraph at lines 60--74
\OT1/cmr/m/n/12 where $[] = [][] [][] []$ is the electron-electron re-pul-sion 
op-er-a-tor, $\OML/cmm/m/it/12 J\OT1/cmr/m/n/12 [\OML/cmm/m/it/12 ^^Z\OT1/cmr/m
/n/12 ] = [] [] [] []d\OT1/cmr/bx/n/12 r[]\OT1/cmr/m/n/12 d\OT1/cmr/bx/n/12 r$\
OT1/cmr/m/n/12 ,
 []

[2] [3]
Missing character: There is no Ã in font cmr10!
Missing character: There is no — in font cmr10!
Missing character: There is no Ã in font cmr10!
Missing character: There is no — in font cmr10!
Missing character: There is no Ã in font cmr10!
Missing character: There is no — in font cmr10!
Missing character: There is no Ã in font cmr10!
Missing character: There is no — in font cmr10!


LaTeX Warning: Reference `M-eq:nkernel' on page 4 undefined on input line 167.


LaTeX Warning: Reference `M-eq:eint2' on page 4 undefined on input line 167.


LaTeX Warning: Reference `M-eq:eint4' on page 4 undefined on input line 167.


LaTeX Warning: Reference `M-eq:M' on page 4 undefined on input line 167.


LaTeX Warning: Reference `M-eq:p_cmpl' on page 4 undefined on input line 167.


LaTeX Warning: Reference `M-eq:def_P' on page 4 undefined on input line 167.


LaTeX Warning: Reference `M-eq:def_P' on page 4 undefined on input line 167.


LaTeX Warning: Reference `M-eq:eint4' on page 4 undefined on input line 167.


Overfull \hbox (69.55762pt too wide) in paragraph at lines 146--168
 [] 
 []

[4]
Missing character: There is no Ã in font cmr10!
Missing character: There is no — in font cmr10!
Missing character: There is no Ã in font cmr10!
Missing character: There is no — in font cmr10!
Missing character: There is no Ã in font cmr10!
Missing character: There is no — in font cmr10!
Missing character: There is no Ã in font cmr10!
Missing character: There is no — in font cmr10!
Missing character: There is no Ã in font cmr10!
Missing character: There is no — in font cmr10!
Missing character: There is no Ã in font cmr10!
Missing character: There is no — in font cmr10!
Missing character: There is no Ã in font cmr10!
Missing character: There is no — in font cmr10!
Missing character: There is no Ã in font cmr10!
Missing character: There is no — in font cmr10!
Missing character: There is no Ã in font cmr10!
Missing character: There is no — in font cmr10!
Missing character: There is no Ã in font cmr10!
Missing character: There is no — in font cmr10!
Missing character: There is no Ã in font cmr10!
Missing character: There is no — in font cmr10!
Missing character: There is no Ã in font cmr10!
Missing character: There is no — in font cmr10!


LaTeX Warning: Reference `M-eq:nkernel' on page 5 undefined on input line 203.


LaTeX Warning: Reference `M-eq:eint2' on page 5 undefined on input line 203.


LaTeX Warning: Reference `M-eq:eint4' on page 5 undefined on input line 203.


LaTeX Warning: Reference `M-eq:eint3' on page 5 undefined on input line 203.


LaTeX Warning: Reference `M-eq:M' on page 5 undefined on input line 203.


LaTeX Warning: Reference `M-eq:p_cmpl' on page 5 undefined on input line 203.


LaTeX Warning: Reference `M-eq:def_P' on page 5 undefined on input line 203.


LaTeX Warning: Reference `M-eq:def_P' on page 5 undefined on input line 203.


LaTeX Warning: Reference `M-eq:eint4' on page 5 undefined on input line 203.


Overfull \hbox (69.50598pt too wide) in paragraph at lines 174--204
 [] 
 []

[5]
Missing character: There is no Ã in font cmr10!
Missing character: There is no — in font cmr10!
Missing character: There is no Ã in font cmr10!
Missing character: There is no — in font cmr10!
Missing character: There is no Ã in font cmr10!
Missing character: There is no — in font cmr10!
Missing character: There is no Ã in font cmr10!
Missing character: There is no — in font cmr10!


LaTeX Warning: Reference `M-eq:nkernel' on page 6 undefined on input line 232.


LaTeX Warning: Reference `M-eq:eint2' on page 6 undefined on input line 232.


LaTeX Warning: Reference `M-eq:eint4' on page 6 undefined on input line 232.


LaTeX Warning: Reference `M-eq:M' on page 6 undefined on input line 232.


LaTeX Warning: Reference `M-eq:p_cmpl' on page 6 undefined on input line 232.


LaTeX Warning: Reference `M-eq:def_P' on page 6 undefined on input line 232.


LaTeX Warning: Reference `M-eq:def_P' on page 6 undefined on input line 232.


LaTeX Warning: Reference `M-eq:eint4' on page 6 undefined on input line 232.


Overfull \hbox (69.55762pt too wide) in paragraph at lines 211--233
 [] 
 []

[6]
Missing character: There is no Ã in font cmr10!
Missing character: There is no — in font cmr10!
Missing character: There is no Ã in font cmr10!
Missing character: There is no — in font cmr10!
Missing character: There is no Ã in font cmr10!
Missing character: There is no — in font cmr10!
Missing character: There is no Ã in font cmr10!
Missing character: There is no — in font cmr10!
Missing character: There is no Ã in font cmr10!
Missing character: There is no — in font cmr10!
Missing character: There is no Ã in font cmr10!
Missing character: There is no — in font cmr10!
Missing character: There is no Ã in font cmr10!
Missing character: There is no — in font cmr10!
Missing character: There is no Ã in font cmr10!
Missing character: There is no — in font cmr10!
Missing character: There is no Ã in font cmr10!
Missing character: There is no — in font cmr10!
Missing character: There is no Ã in font cmr10!
Missing character: There is no — in font cmr10!
Missing character: There is no Ã in font cmr10!
Missing character: There is no — in font cmr10!
Missing character: There is no Ã in font cmr10!
Missing character: There is no — in font cmr10!


LaTeX Warning: Reference `M-eq:nkernel' on page 7 undefined on input line 268.


LaTeX Warning: Reference `M-eq:eint2' on page 7 undefined on input line 268.


LaTeX Warning: Reference `M-eq:eint4' on page 7 undefined on input line 268.


LaTeX Warning: Reference `M-eq:eint3' on page 7 undefined on input line 268.


LaTeX Warning: Reference `M-eq:M' on page 7 undefined on input line 268.


LaTeX Warning: Reference `M-eq:p_cmpl' on page 7 undefined on input line 268.


LaTeX Warning: Reference `M-eq:def_P' on page 7 undefined on input line 268.


LaTeX Warning: Reference `M-eq:def_P' on page 7 undefined on input line 268.


LaTeX Warning: Reference `M-eq:eint4' on page 7 undefined on input line 268.


Overfull \hbox (69.50598pt too wide) in paragraph at lines 239--269
 [] 
 []

[7]
Missing character: There is no Ã in font cmr10!
Missing character: There is no — in font cmr10!
Missing character: There is no Ã in font cmr10!
Missing character: There is no — in font cmr10!
Missing character: There is no Ã in font cmr10!
Missing character: There is no — in font cmr10!
Missing character: There is no Ã in font cmr10!
Missing character: There is no — in font cmr10!
Missing character: There is no Ã in font cmr10!
Missing character: There is no — in font cmr10!
Missing character: There is no Ã in font cmr10!
Missing character: There is no — in font cmr10!
Missing character: There is no Ã in font cmr10!
Missing character: There is no — in font cmr10!
Missing character: There is no Ã in font cmr10!
Missing character: There is no — in font cmr10!
Missing character: There is no Ã in font cmr10!
Missing character: There is no — in font cmr10!


LaTeX Warning: Reference `M-eq:nkernel' on page 8 undefined on input line 323.


LaTeX Warning: Reference `M-eq:eint2' on page 8 undefined on input line 323.


LaTeX Warning: Reference `M-eq:eint4' on page 8 undefined on input line 323.


LaTeX Warning: Reference `M-eq:eint3' on page 8 undefined on input line 323.


LaTeX Warning: Reference `M-eq:M' on page 8 undefined on input line 323.


LaTeX Warning: Reference `M-eq:p_cmpl' on page 8 undefined on input line 323.


LaTeX Warning: Reference `M-eq:def_P' on page 8 undefined on input line 323.


LaTeX Warning: Reference `M-eq:def_P' on page 8 undefined on input line 323.


LaTeX Warning: Reference `M-eq:eint4' on page 8 undefined on input line 323.


Overfull \hbox (69.55768pt too wide) in paragraph at lines 298--324
 [] 
 []

No file 220615_SI.bbl.
No file 220615_SI.bbl.
[8] [9] (./220615_SI.aux)

LaTeX Warning: There were undefined references.


LaTeX Warning: There were multiply-defined labels.

 ) 
Here is how much of TeX's memory you used:
 5111 strings out of 494847
 66559 string characters out of 6179079
 179400 words of memory out of 5000000
 8351 multiletter control sequences out of 15000+600000
 14362 words of font info for 55 fonts, out of 8000000 for 9000
 59 hyphenation exceptions out of 8191
 41i,13n,35p,362b,318s stack positions out of 5000i,500n,10000p,200000b,80000s
</usr/share/texlive/texmf-dist/fonts/type1/public/amsfonts/cm/cmbx10.pfb></us
r/share/texlive/texmf-dist/fonts/type1/public/amsfonts/cm/cmbx12.pfb></usr/shar
e/texlive/texmf-dist/fonts/type1/public/amsfonts/cm/cmbx8.pfb></usr/share/texli
ve/texmf-dist/fonts/type1/public/amsfonts/cm/cmex10.pfb></usr/share/texlive/tex
mf-dist/fonts/type1/public/amsfonts/cm/cmmi10.pfb></usr/share/texlive/texmf-dis
t/fonts/type1/public/amsfonts/cm/cmmi12.pfb></usr/share/texlive/texmf-dist/font
s/type1/public/amsfonts/cm/cmmi6.pfb></usr/share/texlive/texmf-dist/fonts/type1
/public/amsfonts/cm/cmmi8.pfb></usr/share/texlive/texmf-dist/fonts/type1/public
/amsfonts/cm/cmr10.pfb></usr/share/texlive/texmf-dist/fonts/type1/public/amsfon
ts/cm/cmr12.pfb></usr/share/texlive/texmf-dist/fonts/type1/public/amsfonts/cm/c
mr7.pfb></usr/share/texlive/texmf-dist/fonts/type1/public/amsfonts/cm/cmr8.pfb>
</usr/share/texlive/texmf-dist/fonts/type1/public/amsfonts/cm/cmss12.pfb></usr/
share/texlive/texmf-dist/fonts/type1/public/amsfonts/cm/cmss8.pfb></usr/share/t
exlive/texmf-dist/fonts/type1/public/amsfonts/cm/cmssbx10.pfb></usr/share/texli
ve/texmf-dist/fonts/type1/public/amsfonts/cm/cmsy10.pfb></usr/share/texlive/tex
mf-dist/fonts/type1/public/amsfonts/cm/cmsy6.pfb></usr/share/texlive/texmf-dist
/fonts/type1/public/amsfonts/cm/cmsy8.pfb></usr/share/texlive/texmf-dist/fonts/
type1/public/amsfonts/cm/cmti10.pfb></usr/share/texlive/texmf-dist/fonts/type1/
public/amsfonts/cm/cmti12.pfb>
Output written on 220615_SI.pdf (9 pages, 241392 bytes).
PDF statistics:
 114 PDF objects out of 1000 (max. 8388607)
 82 compressed objects within 1 object stream
 0 named destinations out of 1000 (max. 500000)
 1 words of extra memory for PDF output out of 10000 (max. 10000000)

