This is pdfTeX, Version 3.14159265-2.6-1.40.18 (TeX Live 2017/Debian) (preloaded format=pdflatex 2020.3.17)  26 NOV 2021 17:15
entering extended mode
 restricted \write18 enabled.
 %&-line parsing enabled.
**draft.tex
(./draft.tex
LaTeX2e <2017-04-15>
Babel <3.18> and hyphenation patterns for 84 language(s) loaded.
(/usr/share/texlive/texmf-dist/tex/latex/achemso/achemso.cls
Document Class: achemso 2018/02/05 v3.11a Submission to ACS journals
(/usr/share/texlive/texmf-dist/tex/latex/base/article.cls
Document Class: article 2014/09/29 v1.4h Standard LaTeX document class
(/usr/share/texlive/texmf-dist/tex/latex/base/size12.clo
File: size12.clo 2014/09/29 v1.4h Standard LaTeX file (size option)
)
\c@part=\count79
\c@section=\count80
\c@subsection=\count81
\c@subsubsection=\count82
\c@paragraph=\count83
\c@subparagraph=\count84
\c@figure=\count85
\c@table=\count86
\abovecaptionskip=\skip41
\belowcaptionskip=\skip42
\bibindent=\dimen102
)
(/usr/share/texlive/texmf-dist/tex/latex/xkeyval/xkeyval.sty
Package: xkeyval 2014/12/03 v2.7a package option processing (HA)

(/usr/share/texlive/texmf-dist/tex/generic/xkeyval/xkeyval.tex
(/usr/share/texlive/texmf-dist/tex/generic/xkeyval/xkvutils.tex
\XKV@toks=\toks14
\XKV@tempa@toks=\toks15

(/usr/share/texlive/texmf-dist/tex/generic/xkeyval/keyval.tex))
\XKV@depth=\count87
File: xkeyval.tex 2014/12/03 v2.7a key=value parser (HA)
))
\acs@bib@file=\write3
\c@bibnote=\count88

(/usr/share/texlive/texmf-dist/tex/latex/geometry/geometry.sty
Package: geometry 2010/09/12 v5.6 Page Geometry

(/usr/share/texlive/texmf-dist/tex/generic/oberdiek/ifpdf.sty
Package: ifpdf 2017/03/15 v3.2 Provides the ifpdf switch
)
(/usr/share/texlive/texmf-dist/tex/generic/oberdiek/ifvtex.sty
Package: ifvtex 2016/05/16 v1.6 Detect VTeX and its facilities (HO)
Package ifvtex Info: VTeX not detected.
)
(/usr/share/texlive/texmf-dist/tex/generic/ifxetex/ifxetex.sty
Package: ifxetex 2010/09/12 v0.6 Provides ifxetex conditional
)
\Gm@cnth=\count89
\Gm@cntv=\count90
\c@Gm@tempcnt=\count91
\Gm@bindingoffset=\dimen103
\Gm@wd@mp=\dimen104
\Gm@odd@mp=\dimen105
\Gm@even@mp=\dimen106
\Gm@layoutwidth=\dimen107
\Gm@layoutheight=\dimen108
\Gm@layouthoffset=\dimen109
\Gm@layoutvoffset=\dimen110
\Gm@dimlist=\toks16
)
(/usr/share/texlive/texmf-dist/tex/latex/caption/caption.sty
Package: caption 2016/02/21 v3.3-144 Customizing captions (AR)

(/usr/share/texlive/texmf-dist/tex/latex/caption/caption3.sty
Package: caption3 2016/05/22 v1.7-166 caption3 kernel (AR)
Package caption3 Info: TeX engine: e-TeX on input line 67.
\captionmargin=\dimen111
\captionmargin@=\dimen112
\captionwidth=\dimen113
\caption@tempdima=\dimen114
\caption@indent=\dimen115
\caption@parindent=\dimen116
\caption@hangindent=\dimen117
)
\c@ContinuedFloat=\count92
)
(/usr/share/texlive/texmf-dist/tex/latex/float/float.sty
Package: float 2001/11/08 v1.3d Float enhancements (AL)
\c@float@type=\count93
\float@exts=\toks17
\float@box=\box26
\@float@everytoks=\toks18
\@floatcapt=\box27
)
(/usr/share/texlive/texmf-dist/tex/latex/graphics/graphicx.sty
Package: graphicx 2017/06/01 v1.1a Enhanced LaTeX Graphics (DPC,SPQR)

(/usr/share/texlive/texmf-dist/tex/latex/graphics/graphics.sty
Package: graphics 2017/06/25 v1.2c Standard LaTeX Graphics (DPC,SPQR)

(/usr/share/texlive/texmf-dist/tex/latex/graphics/trig.sty
Package: trig 2016/01/03 v1.10 sin cos tan (DPC)
)
(/usr/share/texlive/texmf-dist/tex/latex/graphics-cfg/graphics.cfg
File: graphics.cfg 2016/06/04 v1.11 sample graphics configuration
)
Package graphics Info: Driver file: pdftex.def on input line 99.

(/usr/share/texlive/texmf-dist/tex/latex/graphics-def/pdftex.def
File: pdftex.def 2018/01/08 v1.0l Graphics/color driver for pdftex
))
\Gin@req@height=\dimen118
\Gin@req@width=\dimen119
)
(/usr/share/texlive/texmf-dist/tex/latex/setspace/setspace.sty
Package: setspace 2011/12/19 v6.7a set line spacing
)
(/usr/share/texlive/texmf-dist/tex/latex/url/url.sty
\Urlmuskip=\muskip10
Package: url 2013/09/16  ver 3.4  Verb mode for urls, etc.
)
\acs@author@cnt=\count94
\acs@affil@cnt=\count95
\acs@affil@alt@cnt=\count96
\acs@footnote@cnt=\count97
\acs@affil@marker@cnt=\count98
\acs@space@pre@title=\skip43
\acs@space@post@title=\skip44
\acs@space@post@author=\skip45
\acs@space@post@address=\skip46
\acs@space@post@email=\skip47
\acs@maketitle@width=\skip48
\@float@every@scheme=\toks19
\c@scheme=\count99
\@float@every@chart=\toks20
\c@chart=\count100
\@float@every@graph=\toks21
\c@graph=\count101
\@float@every@table=\toks22
\acs@collect@toks=\toks23
\acs@collect@empty@toks=\toks24
\acs@tocentry@height=\skip49
\acs@tocentry@width=\skip50

(/usr/share/texlive/texmf-dist/tex/latex/achemso/achemso-jctcce.cfg
File: achemso-jctcce.cfg 2018/02/05 v3.11a achemso configuration: J. Chem. Theo
ry Comput.
)
(/usr/share/texlive/texmf-dist/tex/latex/natbib/natbib.sty
Package: natbib 2010/09/13 8.31b (PWD, AO)
\bibhang=\skip51
\bibsep=\skip52
LaTeX Info: Redefining \cite on input line 694.
\c@NAT@ctr=\count102
)
(/usr/share/texlive/texmf-dist/tex/latex/achemso/natmove.sty
Package: natmove 2010/01/15 v1.1a Automatic citation moving with natbib
)
(/usr/share/texlive/texmf-dist/tex/latex/mciteplus/mciteplus.sty
Package: mciteplus 2013/09/13 v1.2 enhanced mcite
\@mcitetmptoksA=\toks25
\@mcitetmpdima=\dimen120
\@mcitetmpdimb=\dimen121
\@mcitetmpcnta=\count103
\@mcitetmpcntb=\count104
\c@mcitebibitemcount=\count105
\c@mcitesubitemcount=\count106

** mciteplus: Detected natbib.sty. Invoking hooks.
)) (/usr/share/texlive/texmf-dist/tex/latex/xcolor/xcolor.sty
Package: xcolor 2016/05/11 v2.12 LaTeX color extensions (UK)

(/usr/share/texlive/texmf-dist/tex/latex/graphics-cfg/color.cfg
File: color.cfg 2016/01/02 v1.6 sample color configuration
)
Package xcolor Info: Driver file: pdftex.def on input line 225.

(/usr/share/texlive/texmf-dist/tex/latex/colortbl/colortbl.sty
Package: colortbl 2012/02/13 v1.0a Color table columns (DPC)

(/usr/share/texlive/texmf-dist/tex/latex/tools/array.sty
Package: array 2016/10/06 v2.4d Tabular extension package (FMi)
\col@sep=\dimen122
\extrarowheight=\dimen123
\NC@list=\toks26
\extratabsurround=\skip53
\backup@length=\skip54
)
\everycr=\toks27
\minrowclearance=\skip55
)
\rownum=\count107
Package xcolor Info: Model `cmy' substituted by `cmy0' on input line 1348.
Package xcolor Info: Model `hsb' substituted by `rgb' on input line 1352.
Package xcolor Info: Model `RGB' extended on input line 1364.
Package xcolor Info: Model `HTML' substituted by `rgb' on input line 1366.
Package xcolor Info: Model `Hsb' substituted by `hsb' on input line 1367.
Package xcolor Info: Model `tHsb' substituted by `hsb' on input line 1368.
Package xcolor Info: Model `HSB' substituted by `hsb' on input line 1369.
Package xcolor Info: Model `Gray' substituted by `gray' on input line 1370.
Package xcolor Info: Model `wave' substituted by `hsb' on input line 1371.
)
(/usr/share/texlive/texmf-dist/tex/latex/amsmath/amsmath.sty
Package: amsmath 2017/09/02 v2.17a AMS math features
\@mathmargin=\skip56

For additional information on amsmath, use the `?' option.
(/usr/share/texlive/texmf-dist/tex/latex/amsmath/amstext.sty
Package: amstext 2000/06/29 v2.01 AMS text

(/usr/share/texlive/texmf-dist/tex/latex/amsmath/amsgen.sty
File: amsgen.sty 1999/11/30 v2.0 generic functions
\@emptytoks=\toks28
\ex@=\dimen124
))
(/usr/share/texlive/texmf-dist/tex/latex/amsmath/amsbsy.sty
Package: amsbsy 1999/11/29 v1.2d Bold Symbols
\pmbraise@=\dimen125
)
(/usr/share/texlive/texmf-dist/tex/latex/amsmath/amsopn.sty
Package: amsopn 2016/03/08 v2.02 operator names
)
\inf@bad=\count108
LaTeX Info: Redefining \frac on input line 213.
\uproot@=\count109
\leftroot@=\count110
LaTeX Info: Redefining \overline on input line 375.
\classnum@=\count111
\DOTSCASE@=\count112
LaTeX Info: Redefining \ldots on input line 472.
LaTeX Info: Redefining \dots on input line 475.
LaTeX Info: Redefining \cdots on input line 596.
\Mathstrutbox@=\box28
\strutbox@=\box29
\big@size=\dimen126
LaTeX Font Info:    Redeclaring font encoding OML on input line 712.
LaTeX Font Info:    Redeclaring font encoding OMS on input line 713.
\macc@depth=\count113
\c@MaxMatrixCols=\count114
\dotsspace@=\muskip11
\c@parentequation=\count115
\dspbrk@lvl=\count116
\tag@help=\toks29
\row@=\count117
\column@=\count118
\maxfields@=\count119
\andhelp@=\toks30
\eqnshift@=\dimen127
\alignsep@=\dimen128
\tagshift@=\dimen129
\tagwidth@=\dimen130
\totwidth@=\dimen131
\lineht@=\dimen132
\@envbody=\toks31
\multlinegap=\skip57
\multlinetaggap=\skip58
\mathdisplay@stack=\toks32
LaTeX Info: Redefining \[ on input line 2817.
LaTeX Info: Redefining \] on input line 2818.
) (./draft.aux)
\openout1 = `draft.aux'.

LaTeX Font Info:    Checking defaults for OML/cmm/m/it on input line 21.
LaTeX Font Info:    ... okay on input line 21.
LaTeX Font Info:    Checking defaults for T1/cmr/m/n on input line 21.
LaTeX Font Info:    ... okay on input line 21.
LaTeX Font Info:    Checking defaults for OT1/cmr/m/n on input line 21.
LaTeX Font Info:    ... okay on input line 21.
LaTeX Font Info:    Checking defaults for OMS/cmsy/m/n on input line 21.
LaTeX Font Info:    ... okay on input line 21.
LaTeX Font Info:    Checking defaults for OMX/cmex/m/n on input line 21.
LaTeX Font Info:    ... okay on input line 21.
LaTeX Font Info:    Checking defaults for U/cmr/m/n on input line 21.
LaTeX Font Info:    ... okay on input line 21.
\openout3 = `acs-draft.bib'.


*geometry* driver: auto-detecting
*geometry* detected driver: pdftex
*geometry* verbose mode - [ preamble ] result:
* driver: pdftex
* paper: letterpaper
* layout: <same size as paper>
* layoutoffset:(h,v)=(0.0pt,0.0pt)
* modes: 
* h-part:(L,W,R)=(54.91382pt, 504.46736pt, 54.91382pt)
* v-part:(T,H,B)=(36.13498pt, 711.03438pt, 47.80063pt)
* \paperwidth=614.295pt
* \paperheight=794.96999pt
* \textwidth=504.46736pt
* \textheight=711.03438pt
* \oddsidemargin=-17.35617pt
* \evensidemargin=-17.35617pt
* \topmargin=-73.13501pt
* \headheight=12.0pt
* \headsep=25.0pt
* \topskip=12.0pt
* \footskip=30.0pt
* \marginparwidth=44.0pt
* \marginparsep=10.0pt
* \columnsep=23.04674pt
* \skip\footins=10.8pt plus 4.0pt minus 2.0pt
* \hoffset=0.0pt
* \voffset=0.0pt
* \mag=1000
* \@twocolumntrue
* \@twosidefalse
* \@mparswitchfalse
* \@reversemarginfalse
* (1in=72.27pt=25.4mm, 1cm=28.453pt)

Package caption Info: Begin \AtBeginDocument code.
Package caption Info: float package is loaded.
Package caption Info: End \AtBeginDocument code.
(/usr/share/texlive/texmf-dist/tex/context/base/mkii/supp-pdf.mkii
[Loading MPS to PDF converter (version 2006.09.02).]
\scratchcounter=\count120
\scratchdimen=\dimen133
\scratchbox=\box30
\nofMPsegments=\count121
\nofMParguments=\count122
\everyMPshowfont=\toks33
\MPscratchCnt=\count123
\MPscratchDim=\dimen134
\MPnumerator=\count124
\makeMPintoPDFobject=\count125
\everyMPtoPDFconversion=\toks34
) (/usr/share/texlive/texmf-dist/tex/latex/oberdiek/epstopdf-base.sty
Package: epstopdf-base 2016/05/15 v2.6 Base part for package epstopdf

(/usr/share/texlive/texmf-dist/tex/generic/oberdiek/infwarerr.sty
Package: infwarerr 2016/05/16 v1.4 Providing info/warning/error messages (HO)
)
(/usr/share/texlive/texmf-dist/tex/latex/oberdiek/grfext.sty
Package: grfext 2016/05/16 v1.2 Manage graphics extensions (HO)

(/usr/share/texlive/texmf-dist/tex/generic/oberdiek/kvdefinekeys.sty
Package: kvdefinekeys 2016/05/16 v1.4 Define keys (HO)

(/usr/share/texlive/texmf-dist/tex/generic/oberdiek/ltxcmds.sty
Package: ltxcmds 2016/05/16 v1.23 LaTeX kernel commands for general use (HO)
)))
(/usr/share/texlive/texmf-dist/tex/latex/oberdiek/kvoptions.sty
Package: kvoptions 2016/05/16 v3.12 Key value format for package options (HO)

(/usr/share/texlive/texmf-dist/tex/generic/oberdiek/kvsetkeys.sty
Package: kvsetkeys 2016/05/16 v1.17 Key value parser (HO)

(/usr/share/texlive/texmf-dist/tex/generic/oberdiek/etexcmds.sty
Package: etexcmds 2016/05/16 v1.6 Avoid name clashes with e-TeX commands (HO)

(/usr/share/texlive/texmf-dist/tex/generic/oberdiek/ifluatex.sty
Package: ifluatex 2016/05/16 v1.4 Provides the ifluatex switch (HO)
Package ifluatex Info: LuaTeX not detected.
)
Package etexcmds Info: Could not find \expanded.
(etexcmds)             That can mean that you are not using pdfTeX 1.50 or
(etexcmds)             that some package has redefined \expanded.
(etexcmds)             In the latter case, load this package earlier.
)))
(/usr/share/texlive/texmf-dist/tex/generic/oberdiek/pdftexcmds.sty
Package: pdftexcmds 2018/01/21 v0.26 Utility functions of pdfTeX for LuaTeX (HO
)
Package pdftexcmds Info: LuaTeX not detected.
Package pdftexcmds Info: \pdf@primitive is available.
Package pdftexcmds Info: \pdf@ifprimitive is available.
Package pdftexcmds Info: \pdfdraftmode found.
)
Package epstopdf-base Info: Redefining graphics rule for `.eps' on input line 4
38.
Package grfext Info: Graphics extension search list:
(grfext)             [.pdf,.png,.jpg,.mps,.jpeg,.jbig2,.jb2,.PDF,.PNG,.JPG,.JPE
G,.JBIG2,.JB2,.eps]
(grfext)             \AppendGraphicsExtensions on input line 456.

(/usr/share/texlive/texmf-dist/tex/latex/latexconfig/epstopdf-sys.cfg
File: epstopdf-sys.cfg 2010/07/13 v1.3 Configuration of (r)epstopdf for TeX Liv
e
))
[1{/var/lib/texmf/fonts/map/pdftex/updmap/pdftex.map}



] [2]
Underfull \hbox (badness 10000) in paragraph at lines 100--100
[]\OT1/cmr/bx/n/17.28 Approximate FDET-
 []


Overfull \hbox (3.70247pt too wide) detected at line 130
[]
 []


Underfull \hbox (badness 5217) in paragraph at lines 130--138
\OT1/cmr/m/n/12 re-la-tion, and ki-netic bi-func-tion-als within
 []

[3]
Underfull \hbox (badness 3098) in paragraph at lines 154--156
\OT1/cmr/m/n/12 where $[][\OML/cmm/m/it/12 ^^Z[]\OT1/cmr/m/n/12 ]$ is the HF co
m-po-nent of
 []

[4]
Overfull \hbox (0.46371pt too wide) detected at line 194
\OML/cmm/m/it/12 M\OT1/cmr/m/n/12 [\OML/cmm/m/it/12 ^^Z[] \OMS/cmsy/m/n/12 ^^@ 
\OML/cmm/m/it/12 ^^Z[]\OT1/cmr/m/n/12 ] \OMS/cmsy/m/n/12 ^^T \OML/cmm/m/it/12 P
\OT1/cmr/m/n/12 [\OML/cmm/m/it/12 ^^Z[]; ^^Z[]; ^^Z[]\OT1/cmr/m/n/12 ] \OMS/cms
y/m/n/12 ^^T [] \OML/cmm/m/it/12 ^^Z[] \OT1/cmr/m/n/12 = \OML/cmm/m/it/12 N[]:
 []

[5]
<./FIGs/M_vs_HF.png, id=31, 1445.4pt x 722.7pt>
File: ./FIGs/M_vs_HF.png Graphic file (type png)
<use ./FIGs/M_vs_HF.png>
Package pdftex.def Info: ./FIGs/M_vs_HF.png  used on input line 223.
(pdftex.def)             Requested size: 240.71031pt x 120.35413pt.
<./FIGs/M_vs_P.png, id=33, 1445.4pt x 722.7pt>
File: ./FIGs/M_vs_P.png Graphic file (type png)
<use ./FIGs/M_vs_P.png>
Package pdftex.def Info: ./FIGs/M_vs_P.png  used on input line 232.
(pdftex.def)             Requested size: 240.71031pt x 120.35413pt.

Underfull \hbox (badness 1107) in paragraph at lines 237--240
\OT1/cmr/m/n/12 can be used to es-ti-mate the ex-act FDET
 []


Underfull \hbox (badness 1028) in paragraph at lines 237--240
\OT1/cmr/m/n/12 only 0.41 Kcal/mol larger than the low-est
 []

[6 <./FIGs/M_vs_HF.png> <./FIGs/M_vs_P.png>]
<./FIGs/M_vs_MP.png, id=39, 1445.4pt x 722.7pt>
File: ./FIGs/M_vs_MP.png Graphic file (type png)
<use ./FIGs/M_vs_MP.png>
Package pdftex.def Info: ./FIGs/M_vs_MP.png  used on input line 243.
(pdftex.def)             Requested size: 240.71031pt x 120.35413pt.

Overfull \hbox (16.63252pt too wide) in paragraph at lines 254--264
 [] 
 []


Overfull \hbox (4.10838pt too wide) detected at line 277
\OML/cmm/m/it/12 E[]\OT1/cmr/m/n/12 [\OML/cmm/m/it/12 ^^Z[]; ^^Z[]\OT1/cmr/m/n/
12 ] = \OML/cmm/m/it/12 E[]\OT1/cmr/m/n/12 [\OML/cmm/m/it/12 ^^Z[]; ^^Z[]\OT1/c
mr/m/n/12 ] + ^^A[][\OML/cmm/m/it/12 ^^Z[]; ^^Z[]; ^^Z[]\OT1/cmr/m/n/12 ]\OML/c
mm/m/it/12 ;
 []


Underfull \hbox (badness 5316) in paragraph at lines 285--289
 \OT1/cmr/m/n/12 Since we al-ways use $\OML/cmm/m/it/12 ^^Z[]$ \OT1/cmr/m/n/12 
as $\OML/cmm/m/it/12 ^^Z[]$\OT1/cmr/m/n/12 ,
 []


Underfull \hbox (badness 3884) in paragraph at lines 285--289
\OML/cmm/m/it/12 E[]\OT1/cmr/m/n/12 [\OML/cmm/m/it/12 ^^Z[]\OT1/cmr/m/n/12 ]$, 
$\OML/cmm/m/it/12 E[]\OT1/cmr/m/n/12 [\OML/cmm/m/it/12 ^^Z[]\OT1/cmr/m/n/12 ]$,
 and
 []


Underfull \hbox (badness 10000) in paragraph at lines 290--292
[]\OT1/cmr/m/n/12 The de-crease in self-consistent en-ergy
 []


Underfull \hbox (badness 2393) in paragraph at lines 290--292
\OML/cmm/m/it/12 E[]\OT1/cmr/m/n/12 [\OML/cmm/m/it/12 ^^Z[]\OT1/cmr/m/n/12 ]$ f
rom the zero-th to the
 []


Underfull \hbox (badness 2065) in paragraph at lines 290--292
\OT1/cmr/m/n/12 sec-ond cy-cle brings the en-ergy al-most to
 []

[7 <./FIGs/M_vs_MP.png>]
<./FIGs/SE_cycles_N_vs_HF.png, id=45, 1445.4pt x 722.7pt>
File: ./FIGs/SE_cycles_N_vs_HF.png Graphic file (type png)
<use ./FIGs/SE_cycles_N_vs_HF.png>
Package pdftex.def Info: ./FIGs/SE_cycles_N_vs_HF.png  used on input line 299.
(pdftex.def)             Requested size: 240.71031pt x 120.35413pt.

Underfull \hbox (badness 1552) in paragraph at lines 300--300
\OT1/cmr/m/n/12 consistent cal-cu-la-tions(blue ``X''), lin-earized
 []


Underfull \hbox (badness 1210) in paragraph at lines 316--320
\OT1/cmr/m/n/12 If ex-ci-ta-tions are con-sid-ered, the er-ror on
 []


Underfull \hbox (badness 1189) in paragraph at lines 316--320
\OT1/cmr/m/n/12 i-larly, this could be com-pared to the dif-
 []


Underfull \hbox (badness 7133) in paragraph at lines 321--323
[]\OT1/cmr/bx/n/12 Acknowledgement \OT1/cmr/m/n/12 The au-thors thank
 []


Overfull \hbox (14.16951pt too wide) in paragraph at lines 325--325
[]\OT1/cmr/bx/n/17.28 Supporting In-for-ma-tion Avail-
 []

[8 <./FIGs/SE_cycles_N_vs_HF.png>]
LaTeX Font Info:    Try loading font information for OMS+cmr on input line 328.


(/usr/share/texlive/texmf-dist/tex/latex/base/omscmr.fd
File: omscmr.fd 2014/09/29 v2.5h Standard LaTeX font definitions
)
LaTeX Font Info:    Font shape `OMS/cmr/m/n' in size <12> not available
(Font)              Font shape `OMS/cmsy/m/n' tried instead on input line 328.

Overfull \hbox (15.85077pt too wide) detected at line 345
[]
 []


Underfull \hbox (badness 10000) in paragraph at lines 345--347
\OT1/cmr/m/n/12 As a con-se-quence, we can re-for-mu-late
 []

(./draft.bbl
Underfull \hbox (badness 1325) in paragraph at lines 55--64
[]\OT1/cmr/m/n/12 Wesolowski, T. A.; Savin, A. In \OT1/cmr/m/it/12 Re-
 []


Underfull \hbox (badness 3492) in paragraph at lines 55--64
\OT1/cmr/m/it/12 cent Progress in Orbital-Free Den-sity
 []

[9]
Underfull \hbox (badness 2635) in paragraph at lines 75--84
\OT1/cmr/m/n/12 an em-bed-ded chro-mophore in frozen-
 []


Underfull \hbox (badness 5817) in paragraph at lines 85--93
[]\OT1/cmr/m/n/12 Zech, A.; Ri-cardi, N.; Prager, S.;
 []


Underfull \hbox (badness 10000) in paragraph at lines 103--110
[]\OT1/cmr/m/n/12 Du lak, M.; Kamin-ski, J. W.;
 []


Underfull \hbox (badness 3861) in paragraph at lines 103--110
\OT1/cmr/m/n/12 em-bed-ding po-ten-tial in self-consistent
 []


Underfull \hbox (badness 3895) in paragraph at lines 103--110
\OT1/cmr/m/n/12 cal-cu-la-tions. \OT1/cmr/m/it/12 Int. J. Quan-tum Chem.
 []

Missing character: There is no √ in font cmr12!
Missing character: There is no ° in font cmr12!
Missing character: There is no √ in font cmr12!
Missing character: There is no ° in font cmr12!
Missing character: There is no ≈ in font cmr12!
Missing character: There is no ° in font cmr12!
Missing character: There is no ƒ in font cmr12!
Missing character: There is no á in font cmr12!

Underfull \hbox (badness 3758) in paragraph at lines 157--207
[]\OT1/cmr/m/n/12 Epifanovsky, E.; Gilbert, A. T. B.;
 []


Underfull \hbox (badness 10000) in paragraph at lines 157--207
\OT1/cmr/m/n/12 Feng, X.; Lee, J.; Mao, Y.;
 []


Underfull \hbox (badness 10000) in paragraph at lines 157--207
\OT1/cmr/m/n/12 Mardirossian, N.; Pokhilko, P.;
 []


Underfull \hbox (badness 2261) in paragraph at lines 157--207
\OT1/cmr/m/n/12 White, A. F.; Coons, M. P.; Dem-
 []


Underfull \hbox (badness 5147) in paragraph at lines 157--207
\OT1/cmr/m/n/12 p-wolff, A. L.; Gan, Z.; Hait, D.;
 []


Underfull \hbox (badness 1596) in paragraph at lines 157--207
\OT1/cmr/m/n/12 Horn, P. R.; Ja-cob-son, L. D.; Kali-
 []


Underfull \hbox (badness 1803) in paragraph at lines 157--207
\OT1/cmr/m/n/12 Lao, K. U.; Levine, D. S.; Liu, J.;
 []


Underfull \hbox (badness 5147) in paragraph at lines 157--207
\OT1/cmr/m/n/12 McKen-zie, S. C.; Mor-ri-son, A. F.;
 []


Underfull \hbox (badness 2393) in paragraph at lines 157--207
\OT1/cmr/m/n/12 Vi-dal, M. L.; You, Z.-Q.; Zhu, Y.;
 []


Underfull \hbox (badness 1412) in paragraph at lines 157--207
\OT1/cmr/m/n/12 Dieden-hofen, M.; Do, H.; Ehlert, S.;
 []


Underfull \hbox (badness 5681) in paragraph at lines 157--207
\OT1/cmr/m/n/12 Fang, P.-T.; Fatehi, S.; Feng, Q.;
 []


Underfull \hbox (badness 3977) in paragraph at lines 157--207
\OT1/cmr/m/n/12 Fried-hoff, T.; Gayvert, J.; Ge, Q.;
 []


Underfull \hbox (badness 10000) in paragraph at lines 157--207
\OT1/cmr/m/n/12 Gun-ina, A. O.; Hanson-Heine, M.
 []


Underfull \hbox (badness 3679) in paragraph at lines 157--207
\OT1/cmr/m/n/12 Herbst, M. F.; Hern-ndez Vera, M.;
 []


Underfull \hbox (badness 1845) in paragraph at lines 157--207
\OT1/cmr/m/n/12 Huang, X.; Hui, K.; Huynh, B. C.;
 []


Underfull \hbox (badness 1895) in paragraph at lines 157--207
\OT1/cmr/m/n/12 Li, Y.-P.; Liang, J.; Lieben-thal, M.;
 []


Underfull \hbox (badness 4060) in paragraph at lines 157--207
\OT1/cmr/m/n/12 Y.; Loipers-berger, M.; Lu-enser, A.;
 []


Underfull \hbox (badness 4048) in paragraph at lines 157--207
\OT1/cmr/m/n/12 Man-janath, A.; Manohar, P.; Man-
 []


Underfull \hbox (badness 1383) in paragraph at lines 157--207
\OT1/cmr/m/n/12 soor, E.; Manzer, S. F.; Mao, S.-P.;
 []


Underfull \hbox (badness 1888) in paragraph at lines 157--207
\OT1/cmr/m/n/12 Menger, M. F. S. J.; Mewes, J.-M.;
 []


Underfull \hbox (badness 2680) in paragraph at lines 157--207
\OT1/cmr/m/n/12 Mewes, S. A.; Mor-gante, P.; Mul-li-
 []


Underfull \hbox (badness 2302) in paragraph at lines 157--207
\OT1/cmr/m/n/12 Pei, Z.; Prager, S.; Proynov, E. I.;
 []


Underfull \hbox (badness 1412) in paragraph at lines 157--207
\OT1/cmr/m/n/12 Rob, F.; Rossomme, E.; Scheele, T.;
 []


Underfull \hbox (badness 7777) in paragraph at lines 157--207
\OT1/cmr/m/n/12 Sharada, S. M.; Sko-morowski, W.;
 []


Underfull \hbox (badness 2894) in paragraph at lines 157--207
\OT1/cmr/m/n/12 Wen-zel, J.; Witte, J.; Ya-mada, A.;
 []


Underfull \hbox (badness 2753) in paragraph at lines 157--207
\OT1/cmr/m/n/12 Yao, K.; Yeganeh, S.; Yost, S. R.;
 []


Underfull \hbox (badness 2359) in paragraph at lines 157--207
\OT1/cmr/m/n/12 Zech, A.; Zhang, I. Y.; Zhang, X.;
 []


Underfull \hbox (badness 6808) in paragraph at lines 157--207
\OT1/cmr/m/n/12 De-Prince, A. E.; DiS-ta-sio, R. A.;
 []


Underfull \hbox (badness 6842) in paragraph at lines 157--207
\OT1/cmr/m/n/12 May-hall, N. J.; Mc-Curdy, C. W.;
 []


Underfull \hbox (badness 10000) in paragraph at lines 157--207
\OT1/cmr/m/n/12 Neaton, J. B.; Ochsen-feld, C.;
 []


Underfull \hbox (badness 4569) in paragraph at lines 157--207
\OT1/cmr/m/n/12 Parkhill, J. A.; Peverati, R.; Ras-
 []


Underfull \hbox (badness 6110) in paragraph at lines 157--207
\OT1/cmr/m/n/12 Thom, A. J. W.; Tkatchenko, A.;
 []


Underfull \hbox (badness 10000) in paragraph at lines 157--207
\OT1/cmr/m/n/12 Truh-lar, D. G.; Van Voorhis, T.;
 []


Underfull \hbox (badness 3118) in paragraph at lines 157--207
\OT1/cmr/m/n/12 5 pack-age. \OT1/cmr/m/it/12 The Jour-nal of Chem-i-cal
 []

[10]
Underfull \hbox (badness 2393) in paragraph at lines 215--222
\OT1/cmr/m/n/12 Bes-tim-mung einiger Eigen-schaften des
 []

Missing character: There is no ‚ in font cmr12!
Missing character: There is no Ä in font cmr12!
Missing character: There is no ê in font cmr12!

Underfull \hbox (badness 1616) in paragraph at lines 239--248
\OT1/cmr/m/n/12 Mc-Clain, J. D.; Say-fut-yarova, E. R.;
 []


Underfull \hbox (badness 1264) in paragraph at lines 239--248
\OT1/cmr/m/n/12 chem-istry frame-work. \OT1/cmr/m/it/12 Wi-ley In-ter-dis-ci-
 []


Underfull \hbox (badness 1127) in paragraph at lines 262--268
[]\OT1/cmr/m/n/12 Ricardi, N.; Gonz^^Salez-Espinoza, C. E.
 []


Underfull \hbox (badness 10000) in paragraph at lines 262--268
\OT1/cmr/m/n/12 CC-Database. $\OT1/cmtt/m/n/12 https : / / github . com /
 []


Underfull \hbox (badness 6675) in paragraph at lines 293--301
[]\OT1/cmr/m/n/12 Sen, R.; Gonz^^Salez-Espinoza, C. E.;
 []


Underfull \hbox (badness 4805) in paragraph at lines 293--301
\OT1/cmr/m/n/12 Density Em-bed-ding The-ory to Non-
 []


Underfull \hbox (badness 2961) in paragraph at lines 293--301
\OT1/cmr/m/n/12 va-ri-a-tional Cor-re-lated Meth-ods: The
 []

) [11]
Underfull \vbox (badness 10000) detected at line 372
 []

[12

] (./draft.aux) ) 
Here is how much of TeX's memory you used:
 5723 strings out of 492982
 84834 string characters out of 6134896
 176349 words of memory out of 5000000
 9188 multiletter control sequences out of 15000+600000
 14261 words of font info for 51 fonts, out of 8000000 for 9000
 1141 hyphenation exceptions out of 8191
 60i,11n,94p,1991b,490s stack positions out of 5000i,500n,10000p,200000b,80000s
</usr/share/texlive/texmf-dist/fonts/type1/public/amsfonts/cm/
cmbx12.pfb></usr/share/texlive/texmf-dist/fonts/type1/public/amsfonts/cm/cmex10
.pfb></usr/share/texlive/texmf-dist/fonts/type1/public/amsfonts/cm/cmmi12.pfb><
/usr/share/texlive/texmf-dist/fonts/type1/public/amsfonts/cm/cmmi6.pfb></usr/sh
are/texlive/texmf-dist/fonts/type1/public/amsfonts/cm/cmmi8.pfb></usr/share/tex
live/texmf-dist/fonts/type1/public/amsfonts/cm/cmr12.pfb></usr/share/texlive/te
xmf-dist/fonts/type1/public/amsfonts/cm/cmr17.pfb></usr/share/texlive/texmf-dis
t/fonts/type1/public/amsfonts/cm/cmr8.pfb></usr/share/texlive/texmf-dist/fonts/
type1/public/amsfonts/cm/cmss12.pfb></usr/share/texlive/texmf-dist/fonts/type1/
public/amsfonts/cm/cmss8.pfb></usr/share/texlive/texmf-dist/fonts/type1/public/
amsfonts/cm/cmssbx10.pfb></usr/share/texlive/texmf-dist/fonts/type1/public/amsf
onts/cm/cmsy10.pfb></usr/share/texlive/texmf-dist/fonts/type1/public/amsfonts/c
m/cmsy6.pfb></usr/share/texlive/texmf-dist/fonts/type1/public/amsfonts/cm/cmsy8
.pfb></usr/share/texlive/texmf-dist/fonts/type1/public/amsfonts/cm/cmti12.pfb><
/usr/share/texlive/texmf-dist/fonts/type1/public/amsfonts/cm/cmtt12.pfb>
Output written on draft.pdf (12 pages, 842423 bytes).
PDF statistics:
 116 PDF objects out of 1000 (max. 8388607)
 77 compressed objects within 1 object stream
 0 named destinations out of 1000 (max. 500000)
 21 words of extra memory for PDF output out of 10000 (max. 10000000)

